<?xml version="1.0" encoding="UTF-8"?>
<testsuite name="TestTheClass" tests="6" skipped="0" failures="0" errors="0" timestamp="2023-04-20T22:37:54" hostname="Rafis-MacBook-Air.local" time="0.053">
  <properties/>
  <testcase name="divide()" classname="TestTheClass" time="0.027"/>
  <testcase name="isThreeDigits()" classname="TestTheClass" time="0.003"/>
  <testcase name="add()" classname="TestTheClass" time="0.0"/>
  <testcase name="hiExtension()" classname="TestTheClass" time="0.009"/>
  <testcase name="sortIgnoreCase()" classname="TestTheClass" time="0.003"/>
  <testcase name="algebraCalculation()" classname="TestTheClass" time="0.002"/>
  <system-out><![CDATA[]]></system-out>
  <system-err><![CDATA[]]></system-err>
</testsuite>
